<?xml version="1.0" encoding="UTF-8"?>
<!-- Generated by org.testng.reporters.JUnitXMLReporter -->
<testsuite hostname="3I-PC0CF2KE" failures="0" tests="3" name="ChromeTest" time="42.09" errors="0" timestamp="6 Mar 2024 13:08:02 GMT">
  <testcase classname="TestCases.ParallelChromeTest" name="TestCaseOne" time="4.372"/>
  <testcase classname="TestCases.ParallelChromeTest" name="TestCaseTwo" time="10.816"/>
  <testcase classname="TestCases.ParallelChromeTest" name="TestCaseThree" time="5.58"/>
</testsuite> <!-- ChromeTest -->
