<?xml version="1.0" encoding="UTF-8"?>
<!-- Generated by org.testng.reporters.JUnitXMLReporter -->
<testsuite hostname="3I-PC0CF2KE" failures="0" tests="3" name="FirefoxTest" time="48.732" errors="0" timestamp="6 Mar 2024 13:08:09 GMT">
  <testcase classname="TestCases.ParallelFirefoxTest" name="TestCaseOne" time="6.173"/>
  <testcase classname="TestCases.ParallelFirefoxTest" name="TestCaseTwo" time="18.557"/>
  <testcase classname="TestCases.ParallelFirefoxTest" name="TestCaseThree" time="8.205"/>
</testsuite> <!-- FirefoxTest -->
